mode: set
github.com/jesee-kuya/my-ls/main.go:11.54,15.27 3 1
github.com/jesee-kuya/my-ls/main.go:15.27,16.36 1 1
github.com/jesee-kuya/my-ls/main.go:16.36,18.33 1 1
github.com/jesee-kuya/my-ls/main.go:18.33,19.17 1 1
github.com/jesee-kuya/my-ls/main.go:20.14,21.26 1 1
github.com/jesee-kuya/my-ls/main.go:22.14,23.29 1 1
github.com/jesee-kuya/my-ls/main.go:24.14,25.26 1 1
github.com/jesee-kuya/my-ls/main.go:26.14,27.28 1 1
github.com/jesee-kuya/my-ls/main.go:28.14,29.27 1 1
github.com/jesee-kuya/my-ls/main.go:32.9,35.4 1 1
github.com/jesee-kuya/my-ls/main.go:39.2,39.21 1 1
github.com/jesee-kuya/my-ls/main.go:39.21,41.3 1 1
github.com/jesee-kuya/my-ls/main.go:43.2,43.21 1 1
github.com/jesee-kuya/my-ls/main.go:46.13,50.22 3 1
github.com/jesee-kuya/my-ls/main.go:50.22,52.3 1 1
github.com/jesee-kuya/my-ls/main.go:52.8,54.3 1 1
github.com/jesee-kuya/my-ls/main.go:56.2,56.27 1 1
github.com/jesee-kuya/my-ls/print/print.go:13.29,27.24 4 1
github.com/jesee-kuya/my-ls/print/print.go:27.24,29.3 1 1
github.com/jesee-kuya/my-ls/print/print.go:30.2,30.20 1 0
github.com/jesee-kuya/my-ls/print/print.go:34.45,35.21 1 1
github.com/jesee-kuya/my-ls/print/print.go:35.21,37.3 1 1
github.com/jesee-kuya/my-ls/print/print.go:40.2,43.29 4 1
github.com/jesee-kuya/my-ls/print/print.go:43.29,46.30 3 1
github.com/jesee-kuya/my-ls/print/print.go:46.30,48.4 1 1
github.com/jesee-kuya/my-ls/print/print.go:51.2,57.53 4 1
github.com/jesee-kuya/my-ls/print/print.go:57.53,62.38 3 1
github.com/jesee-kuya/my-ls/print/print.go:62.38,64.39 2 1
github.com/jesee-kuya/my-ls/print/print.go:64.39,66.25 2 1
github.com/jesee-kuya/my-ls/print/print.go:66.25,67.40 1 1
github.com/jesee-kuya/my-ls/print/print.go:67.40,69.7 1 1
github.com/jesee-kuya/my-ls/print/print.go:72.4,72.32 1 1
github.com/jesee-kuya/my-ls/print/print.go:76.3,77.35 2 1
github.com/jesee-kuya/my-ls/print/print.go:77.35,79.28 2 1
github.com/jesee-kuya/my-ls/print/print.go:79.28,81.5 1 1
github.com/jesee-kuya/my-ls/print/print.go:85.3,85.52 1 1
github.com/jesee-kuya/my-ls/print/print.go:85.52,88.4 2 1
github.com/jesee-kuya/my-ls/print/print.go:92.2,96.38 3 1
github.com/jesee-kuya/my-ls/print/print.go:96.38,98.38 2 1
github.com/jesee-kuya/my-ls/print/print.go:98.38,100.24 2 1
github.com/jesee-kuya/my-ls/print/print.go:100.24,101.39 1 1
github.com/jesee-kuya/my-ls/print/print.go:101.39,103.6 1 1
github.com/jesee-kuya/my-ls/print/print.go:106.3,106.31 1 1
github.com/jesee-kuya/my-ls/print/print.go:109.2,110.37 2 1
github.com/jesee-kuya/my-ls/print/print.go:110.37,111.39 1 1
github.com/jesee-kuya/my-ls/print/print.go:111.39,113.24 2 1
github.com/jesee-kuya/my-ls/print/print.go:113.24,117.25 2 1
github.com/jesee-kuya/my-ls/print/print.go:117.25,119.21 2 1
github.com/jesee-kuya/my-ls/print/print.go:119.21,121.7 1 0
github.com/jesee-kuya/my-ls/print/print.go:122.6,122.54 1 1
github.com/jesee-kuya/my-ls/print/print.go:126.3,126.22 1 1
github.com/jesee-kuya/my-ls/print/print.go:126.22,128.4 1 1
github.com/jesee-kuya/my-ls/print/print.go:131.2,131.24 1 1
github.com/jesee-kuya/my-ls/print/print.go:134.46,141.21 5 1
github.com/jesee-kuya/my-ls/print/print.go:141.21,143.17 2 1
github.com/jesee-kuya/my-ls/print/print.go:143.17,145.4 1 1
github.com/jesee-kuya/my-ls/print/print.go:145.9,147.4 1 1
github.com/jesee-kuya/my-ls/print/print.go:150.2,151.39 2 1
github.com/jesee-kuya/my-ls/print/print.go:151.39,153.3 1 1
github.com/jesee-kuya/my-ls/print/print.go:155.2,155.32 1 1
github.com/jesee-kuya/my-ls/print/print.go:155.32,157.17 2 1
github.com/jesee-kuya/my-ls/print/print.go:157.17,159.12 2 1
github.com/jesee-kuya/my-ls/print/print.go:162.3,162.20 1 1
github.com/jesee-kuya/my-ls/print/print.go:162.20,164.12 2 1
github.com/jesee-kuya/my-ls/print/print.go:166.3,168.23 2 1
github.com/jesee-kuya/my-ls/print/print.go:168.23,170.18 2 1
github.com/jesee-kuya/my-ls/print/print.go:170.18,172.13 2 1
github.com/jesee-kuya/my-ls/print/print.go:174.9,176.18 2 1
github.com/jesee-kuya/my-ls/print/print.go:176.18,178.13 2 1
github.com/jesee-kuya/my-ls/print/print.go:182.3,182.19 1 1
github.com/jesee-kuya/my-ls/print/print.go:182.19,184.4 1 1
github.com/jesee-kuya/my-ls/print/print.go:186.3,188.27 3 1
github.com/jesee-kuya/my-ls/print/print.go:190.2,190.32 1 1
github.com/jesee-kuya/my-ls/print/print.go:190.32,192.3 1 1
github.com/jesee-kuya/my-ls/print/print.go:194.2,194.35 1 1
github.com/jesee-kuya/my-ls/print/print.go:194.35,195.23 1 1
github.com/jesee-kuya/my-ls/print/print.go:195.23,197.12 2 1
github.com/jesee-kuya/my-ls/print/print.go:200.3,200.30 1 1
github.com/jesee-kuya/my-ls/print/print.go:200.30,202.12 2 1
github.com/jesee-kuya/my-ls/print/print.go:204.3,204.25 1 1
github.com/jesee-kuya/my-ls/print/print.go:207.2,207.28 1 1
github.com/jesee-kuya/my-ls/print/print.go:207.28,208.13 1 1
github.com/jesee-kuya/my-ls/print/print.go:208.13,210.4 1 1
github.com/jesee-kuya/my-ls/print/print.go:212.3,213.22 2 1
github.com/jesee-kuya/my-ls/print/print.go:213.22,214.12 1 1
github.com/jesee-kuya/my-ls/print/print.go:218.3,218.78 1 1
github.com/jesee-kuya/my-ls/print/print.go:218.78,221.4 2 1
github.com/jesee-kuya/my-ls/print/print.go:224.3,224.23 1 1
github.com/jesee-kuya/my-ls/print/print.go:224.23,225.31 1 1
github.com/jesee-kuya/my-ls/print/print.go:225.31,227.5 1 1
github.com/jesee-kuya/my-ls/print/print.go:228.9,232.22 3 1
github.com/jesee-kuya/my-ls/print/print.go:232.22,234.5 1 1
github.com/jesee-kuya/my-ls/util/hasAnsi.go:7.35,9.2 1 1
github.com/jesee-kuya/my-ls/util/isValidDir.go:9.54,11.16 2 1
github.com/jesee-kuya/my-ls/util/isValidDir.go:11.16,13.3 1 1
github.com/jesee-kuya/my-ls/util/isValidDir.go:15.2,15.18 1 1
github.com/jesee-kuya/my-ls/util/readDir.go:51.65,53.16 2 1
github.com/jesee-kuya/my-ls/util/readDir.go:53.16,55.3 1 1
github.com/jesee-kuya/my-ls/util/readDir.go:56.2,59.16 3 1
github.com/jesee-kuya/my-ls/util/readDir.go:59.16,61.3 1 0
github.com/jesee-kuya/my-ls/util/readDir.go:63.2,66.18 2 1
github.com/jesee-kuya/my-ls/util/readDir.go:66.18,69.3 2 1
github.com/jesee-kuya/my-ls/util/readDir.go:71.2,71.32 1 1
github.com/jesee-kuya/my-ls/util/readDir.go:71.32,75.52 2 1
github.com/jesee-kuya/my-ls/util/readDir.go:75.52,76.12 1 1
github.com/jesee-kuya/my-ls/util/readDir.go:79.3,82.10 3 1
github.com/jesee-kuya/my-ls/util/readDir.go:83.21,84.22 1 1
github.com/jesee-kuya/my-ls/util/readDir.go:86.33,87.26 1 0
github.com/jesee-kuya/my-ls/util/readDir.go:89.32,90.25 1 0
github.com/jesee-kuya/my-ls/util/readDir.go:92.35,93.23 1 0
github.com/jesee-kuya/my-ls/util/readDir.go:95.32,96.25 1 0
github.com/jesee-kuya/my-ls/util/readDir.go:98.24,99.22 1 1
github.com/jesee-kuya/my-ls/util/readDir.go:106.35,107.26 1 1
github.com/jesee-kuya/my-ls/util/readDir.go:110.3,110.20 1 1
github.com/jesee-kuya/my-ls/util/readDir.go:110.20,112.4 1 1
github.com/jesee-kuya/my-ls/util/readDir.go:112.9,114.4 1 1
github.com/jesee-kuya/my-ls/util/readDir.go:117.2,117.18 1 1
github.com/jesee-kuya/my-ls/util/readDir.go:117.18,119.3 1 1
github.com/jesee-kuya/my-ls/util/readDir.go:121.2,121.19 1 1
github.com/jesee-kuya/my-ls/util/readDir.go:124.69,126.16 2 1
github.com/jesee-kuya/my-ls/util/readDir.go:126.16,128.3 1 0
github.com/jesee-kuya/my-ls/util/readDir.go:129.2,132.16 3 1
github.com/jesee-kuya/my-ls/util/readDir.go:132.16,134.3 1 0
github.com/jesee-kuya/my-ls/util/readDir.go:136.2,142.18 5 1
github.com/jesee-kuya/my-ls/util/readDir.go:142.18,143.47 1 1
github.com/jesee-kuya/my-ls/util/readDir.go:143.47,145.18 2 1
github.com/jesee-kuya/my-ls/util/readDir.go:145.18,147.5 1 1
github.com/jesee-kuya/my-ls/util/readDir.go:150.2,150.32 1 1
github.com/jesee-kuya/my-ls/util/readDir.go:150.32,151.60 1 1
github.com/jesee-kuya/my-ls/util/readDir.go:151.60,152.12 1 1
github.com/jesee-kuya/my-ls/util/readDir.go:154.3,154.49 1 1
github.com/jesee-kuya/my-ls/util/readDir.go:157.2,157.38 1 1
github.com/jesee-kuya/my-ls/util/readDir.go:157.38,165.47 6 1
github.com/jesee-kuya/my-ls/util/readDir.go:165.47,167.4 1 1
github.com/jesee-kuya/my-ls/util/readDir.go:168.3,170.52 3 1
github.com/jesee-kuya/my-ls/util/readDir.go:170.52,172.4 1 1
github.com/jesee-kuya/my-ls/util/readDir.go:175.3,179.35 3 1
github.com/jesee-kuya/my-ls/util/readDir.go:179.35,181.4 1 1
github.com/jesee-kuya/my-ls/util/readDir.go:182.3,182.31 1 1
github.com/jesee-kuya/my-ls/util/readDir.go:182.31,184.4 1 1
github.com/jesee-kuya/my-ls/util/readDir.go:185.3,185.32 1 1
github.com/jesee-kuya/my-ls/util/readDir.go:185.32,187.4 1 1
github.com/jesee-kuya/my-ls/util/readDir.go:188.3,188.33 1 1
github.com/jesee-kuya/my-ls/util/readDir.go:188.33,190.4 1 1
github.com/jesee-kuya/my-ls/util/readDir.go:193.3,201.5 1 1
github.com/jesee-kuya/my-ls/util/readDir.go:205.2,205.19 1 1
github.com/jesee-kuya/my-ls/util/readDir.go:205.19,207.44 1 1
github.com/jesee-kuya/my-ls/util/readDir.go:207.44,208.47 1 1
github.com/jesee-kuya/my-ls/util/readDir.go:208.47,210.72 1 1
github.com/jesee-kuya/my-ls/util/readDir.go:210.72,211.14 1 0
github.com/jesee-kuya/my-ls/util/readDir.go:213.5,213.72 1 1
github.com/jesee-kuya/my-ls/util/readDir.go:213.72,214.14 1 0
github.com/jesee-kuya/my-ls/util/readDir.go:218.5,218.67 1 1
github.com/jesee-kuya/my-ls/util/readDir.go:218.67,220.6 1 0
github.com/jesee-kuya/my-ls/util/readDir.go:225.2,225.18 1 1
github.com/jesee-kuya/my-ls/util/readDir.go:225.18,226.62 1 1
github.com/jesee-kuya/my-ls/util/readDir.go:226.62,228.4 1 1
github.com/jesee-kuya/my-ls/util/readDir.go:231.2,233.34 2 1
github.com/jesee-kuya/my-ls/util/readDir.go:233.34,247.20 4 1
github.com/jesee-kuya/my-ls/util/readDir.go:247.20,251.4 1 1
github.com/jesee-kuya/my-ls/util/readDir.go:251.9,253.4 1 1
github.com/jesee-kuya/my-ls/util/readDir.go:255.2,257.19 2 1
github.com/jesee-kuya/my-ls/util/readDir.go:261.57,262.9 1 1
github.com/jesee-kuya/my-ls/util/readDir.go:263.20,264.19 1 1
github.com/jesee-kuya/my-ls/util/readDir.go:265.32,266.23 1 1
github.com/jesee-kuya/my-ls/util/readDir.go:267.31,268.22 1 1
github.com/jesee-kuya/my-ls/util/readDir.go:269.34,270.20 1 1
github.com/jesee-kuya/my-ls/util/readDir.go:271.31,272.22 1 1
github.com/jesee-kuya/my-ls/util/readDir.go:273.23,274.19 1 1
github.com/jesee-kuya/my-ls/util/readDir.go:280.34,281.23 1 1
github.com/jesee-kuya/my-ls/util/readDir.go:282.10,283.15 1 1
github.com/jesee-kuya/my-ls/util/readDir.go:288.42,290.51 2 1
github.com/jesee-kuya/my-ls/util/readDir.go:290.51,292.3 1 1
github.com/jesee-kuya/my-ls/util/readDir.go:293.2,293.13 1 1
github.com/jesee-kuya/my-ls/util/readDir.go:297.40,298.15 1 1
github.com/jesee-kuya/my-ls/util/readDir.go:298.15,300.3 1 1
github.com/jesee-kuya/my-ls/util/readDir.go:301.2,301.33 1 1
github.com/jesee-kuya/my-ls/util/readDir.go:301.33,303.3 1 1
github.com/jesee-kuya/my-ls/util/readDir.go:304.2,304.25 1 1
github.com/jesee-kuya/my-ls/util/readDir.go:308.46,309.34 1 1
github.com/jesee-kuya/my-ls/util/readDir.go:309.34,311.3 1 1
github.com/jesee-kuya/my-ls/util/readDir.go:315.2,315.18 1 1
github.com/jesee-kuya/my-ls/util/readDir.go:319.87,323.37 3 1
github.com/jesee-kuya/my-ls/util/readDir.go:323.37,325.17 2 1
github.com/jesee-kuya/my-ls/util/readDir.go:325.17,327.4 1 1
github.com/jesee-kuya/my-ls/util/readDir.go:329.3,329.20 1 1
github.com/jesee-kuya/my-ls/util/readDir.go:329.20,332.12 2 1
github.com/jesee-kuya/my-ls/util/readDir.go:336.3,340.17 3 1
github.com/jesee-kuya/my-ls/util/readDir.go:340.17,342.4 1 0
github.com/jesee-kuya/my-ls/util/readDir.go:345.2,345.21 1 1
github.com/jesee-kuya/my-ls/util/readDir.go:349.107,352.16 2 1
github.com/jesee-kuya/my-ls/util/readDir.go:352.16,354.3 1 0
github.com/jesee-kuya/my-ls/util/readDir.go:356.2,356.22 1 1
github.com/jesee-kuya/my-ls/util/readDir.go:356.22,358.3 1 0
github.com/jesee-kuya/my-ls/util/readDir.go:359.2,362.16 3 1
github.com/jesee-kuya/my-ls/util/readDir.go:362.16,364.3 1 1
github.com/jesee-kuya/my-ls/util/readDir.go:365.2,368.16 3 1
github.com/jesee-kuya/my-ls/util/readDir.go:368.16,370.3 1 0
github.com/jesee-kuya/my-ls/util/readDir.go:373.2,374.32 2 1
github.com/jesee-kuya/my-ls/util/readDir.go:374.32,378.53 2 1
github.com/jesee-kuya/my-ls/util/readDir.go:378.53,379.12 1 1
github.com/jesee-kuya/my-ls/util/readDir.go:383.3,383.34 1 1
github.com/jesee-kuya/my-ls/util/readDir.go:383.34,384.12 1 0
github.com/jesee-kuya/my-ls/util/readDir.go:387.3,387.20 1 1
github.com/jesee-kuya/my-ls/util/readDir.go:387.20,389.4 1 1
github.com/jesee-kuya/my-ls/util/readDir.go:393.2,393.42 1 1
github.com/jesee-kuya/my-ls/util/readDir.go:393.42,395.3 1 1
github.com/jesee-kuya/my-ls/util/readDir.go:398.2,398.31 1 1
github.com/jesee-kuya/my-ls/util/readDir.go:398.31,404.17 4 1
github.com/jesee-kuya/my-ls/util/readDir.go:404.17,406.12 1 1
github.com/jesee-kuya/my-ls/util/readDir.go:410.2,410.12 1 1
github.com/jesee-kuya/my-ls/util/reverse.go:3.28,4.50 1 1
github.com/jesee-kuya/my-ls/util/reverse.go:4.50,6.3 1 1
github.com/jesee-kuya/my-ls/util/sorted.go:16.39,22.23 3 1
github.com/jesee-kuya/my-ls/util/sorted.go:22.23,23.81 1 1
github.com/jesee-kuya/my-ls/util/sorted.go:23.81,25.9 2 1
github.com/jesee-kuya/my-ls/util/sorted.go:28.2,28.23 1 1
github.com/jesee-kuya/my-ls/util/sorted.go:28.23,29.81 1 1
github.com/jesee-kuya/my-ls/util/sorted.go:29.81,31.9 2 1
github.com/jesee-kuya/my-ls/util/sorted.go:36.2,36.42 1 1
github.com/jesee-kuya/my-ls/util/sorted.go:36.42,37.47 1 1
github.com/jesee-kuya/my-ls/util/sorted.go:37.47,38.22 1 1
github.com/jesee-kuya/my-ls/util/sorted.go:38.22,40.5 1 1
github.com/jesee-kuya/my-ls/util/sorted.go:43.3,43.27 1 1
github.com/jesee-kuya/my-ls/util/sorted.go:47.2,48.23 2 1
github.com/jesee-kuya/my-ls/util/sorted.go:48.23,49.55 1 1
github.com/jesee-kuya/my-ls/util/sorted.go:49.55,51.4 1 1
github.com/jesee-kuya/my-ls/util/sorted.go:51.9,51.34 1 1
github.com/jesee-kuya/my-ls/util/sorted.go:51.34,53.4 1 1
github.com/jesee-kuya/my-ls/util/sorted.go:55.2,55.23 1 1
github.com/jesee-kuya/my-ls/util/sorted.go:55.23,56.55 1 1
github.com/jesee-kuya/my-ls/util/sorted.go:56.55,58.4 1 1
github.com/jesee-kuya/my-ls/util/sorted.go:58.9,58.34 1 1
github.com/jesee-kuya/my-ls/util/sorted.go:58.34,60.4 1 1
github.com/jesee-kuya/my-ls/util/sorted.go:64.2,64.50 1 1
github.com/jesee-kuya/my-ls/util/sorted.go:64.50,66.15 2 1
github.com/jesee-kuya/my-ls/util/sorted.go:66.15,67.12 1 1
github.com/jesee-kuya/my-ls/util/sorted.go:70.3,70.89 1 1
github.com/jesee-kuya/my-ls/util/sorted.go:70.89,72.4 1 1
github.com/jesee-kuya/my-ls/util/sorted.go:73.3,73.89 1 1
github.com/jesee-kuya/my-ls/util/sorted.go:73.89,75.4 1 1
github.com/jesee-kuya/my-ls/util/sorted.go:77.3,77.17 1 1
github.com/jesee-kuya/my-ls/util/sorted.go:80.2,80.28 1 1
github.com/jesee-kuya/my-ls/util/sorted.go:80.28,82.3 1 1
github.com/jesee-kuya/my-ls/util/sorted.go:85.2,85.46 1 1
github.com/jesee-kuya/my-ls/util/sorted.go:85.46,87.15 2 1
github.com/jesee-kuya/my-ls/util/sorted.go:87.15,88.12 1 1
github.com/jesee-kuya/my-ls/util/sorted.go:91.3,91.60 1 1
github.com/jesee-kuya/my-ls/util/sorted.go:91.60,93.4 1 0
github.com/jesee-kuya/my-ls/util/sorted.go:94.3,94.60 1 1
github.com/jesee-kuya/my-ls/util/sorted.go:94.60,96.4 1 0
github.com/jesee-kuya/my-ls/util/sorted.go:97.3,97.59 1 1
github.com/jesee-kuya/my-ls/util/sorted.go:97.59,99.4 1 0
github.com/jesee-kuya/my-ls/util/sorted.go:101.3,101.119 1 1
github.com/jesee-kuya/my-ls/util/sorted.go:101.119,104.26 3 1
github.com/jesee-kuya/my-ls/util/sorted.go:104.26,106.5 1 0
github.com/jesee-kuya/my-ls/util/sorted.go:108.4,108.60 1 1
github.com/jesee-kuya/my-ls/util/sorted.go:108.60,110.5 1 1
github.com/jesee-kuya/my-ls/util/sorted.go:111.4,111.60 1 1
github.com/jesee-kuya/my-ls/util/sorted.go:111.60,113.5 1 1
github.com/jesee-kuya/my-ls/util/sorted.go:114.4,114.12 1 0
github.com/jesee-kuya/my-ls/util/sorted.go:117.3,117.17 1 1
github.com/jesee-kuya/my-ls/util/sorted.go:120.2,120.26 1 1
github.com/jesee-kuya/my-ls/util/sorted.go:123.72,124.33 1 1
github.com/jesee-kuya/my-ls/util/sorted.go:124.33,126.3 1 1
github.com/jesee-kuya/my-ls/util/sorted.go:127.2,129.28 2 1
github.com/jesee-kuya/my-ls/util/sorted.go:129.28,131.114 2 1
github.com/jesee-kuya/my-ls/util/sorted.go:131.114,133.4 1 1
github.com/jesee-kuya/my-ls/util/sorted.go:136.2,136.31 1 1
github.com/jesee-kuya/my-ls/util/sorted.go:139.61,140.28 1 1
github.com/jesee-kuya/my-ls/util/sorted.go:140.28,143.65 3 1
github.com/jesee-kuya/my-ls/util/sorted.go:143.65,145.4 1 1
github.com/jesee-kuya/my-ls/util/sorted.go:148.2,148.28 1 1
github.com/jesee-kuya/my-ls/util/sorted.go:151.36,153.2 1 1
github.com/jesee-kuya/my-ls/util/sorted.go:156.87,157.33 1 1
github.com/jesee-kuya/my-ls/util/sorted.go:157.33,159.3 1 1
github.com/jesee-kuya/my-ls/util/sorted.go:160.2,165.16 4 1
github.com/jesee-kuya/my-ls/util/sorted.go:165.16,168.3 1 1
github.com/jesee-kuya/my-ls/util/sorted.go:169.2,171.28 2 1
github.com/jesee-kuya/my-ls/util/sorted.go:171.28,173.42 2 1
github.com/jesee-kuya/my-ls/util/sorted.go:173.42,174.12 1 1
github.com/jesee-kuya/my-ls/util/sorted.go:178.3,180.17 3 1
github.com/jesee-kuya/my-ls/util/sorted.go:180.17,183.4 1 0
github.com/jesee-kuya/my-ls/util/sorted.go:184.3,187.101 2 1
github.com/jesee-kuya/my-ls/util/sorted.go:187.101,189.4 1 1
github.com/jesee-kuya/my-ls/util/sorted.go:192.2,192.31 1 1
github.com/jesee-kuya/my-ls/util/sorted.go:196.76,202.16 4 1
github.com/jesee-kuya/my-ls/util/sorted.go:202.16,205.3 1 1
github.com/jesee-kuya/my-ls/util/sorted.go:206.2,208.28 2 1
github.com/jesee-kuya/my-ls/util/sorted.go:208.28,214.17 4 1
github.com/jesee-kuya/my-ls/util/sorted.go:214.17,217.4 1 0
github.com/jesee-kuya/my-ls/util/sorted.go:218.3,221.113 2 1
github.com/jesee-kuya/my-ls/util/sorted.go:221.113,223.4 1 1
github.com/jesee-kuya/my-ls/util/sorted.go:226.2,226.28 1 0
github.com/jesee-kuya/my-ls/util/stripAnsi.go:9.33,11.2 1 1
github.com/jesee-kuya/my-ls/util/stripAnsi.go:13.33,15.2 1 1
github.com/jesee-kuya/my-ls/util/time.go:5.37,7.2 1 1
